Analysis & Synthesis report for Hamming_Decoder
Thu Nov 22 18:48:34 2018
Quartus Prime Version 18.1.0 Build 625 09/12/2018 SJ Lite Edition


---------------------
; Table of Contents ;
---------------------
  1. Legal Notice
  2. Analysis & Synthesis Summary
  3. Analysis & Synthesis Settings
  4. Parallel Compilation
  5. Analysis & Synthesis Source Files Read
  6. Analysis & Synthesis Resource Usage Summary
  7. Analysis & Synthesis Resource Utilization by Entity
  8. General Register Statistics
  9. Port Connectivity Checks: "flipFlopDSimul:flipFlopD4"
 10. Port Connectivity Checks: "flipFlopDSimul:flipFlopD3"
 11. Port Connectivity Checks: "flipFlopDSimul:flipFlopD2"
 12. Port Connectivity Checks: "flipFlopDSimul:flipFlopD1"
 13. Post-Synthesis Netlist Statistics for Top Partition
 14. Elapsed Time Per Partition
 15. Analysis & Synthesis Messages



----------------
; Legal Notice ;
----------------
Copyright (C) 2018  Intel Corporation. All rights reserved.
Your use of Intel Corporation's design tools, logic functions 
and other software and tools, and its AMPP partner logic 
functions, and any output files from any of the foregoing 
(including device programming or simulation files), and any 
associated documentation or information are expressly subject 
to the terms and conditions of the Intel Program License 
Subscription Agreement, the Intel Quartus Prime License Agreement,
the Intel FPGA IP License Agreement, or other applicable license
agreement, including, without limitation, that your use is for
the sole purpose of programming logic devices manufactured by
Intel and sold by Intel or its authorized distributors.  Please
refer to the applicable agreement for further details.



+----------------------------------------------------------------------------------+
; Analysis & Synthesis Summary                                                     ;
+------------------------------------+---------------------------------------------+
; Analysis & Synthesis Status        ; Successful - Thu Nov 22 18:48:33 2018       ;
; Quartus Prime Version              ; 18.1.0 Build 625 09/12/2018 SJ Lite Edition ;
; Revision Name                      ; Hamming_Decoder                             ;
; Top-level Entity Name              ; HammingDecoder                              ;
; Family                             ; Cyclone IV GX                               ;
; Total logic elements               ; 0                                           ;
;     Total combinational functions  ; 0                                           ;
;     Dedicated logic registers      ; 0                                           ;
; Total registers                    ; 0                                           ;
; Total pins                         ; 27                                          ;
; Total virtual pins                 ; 0                                           ;
; Total memory bits                  ; 0                                           ;
; Embedded Multiplier 9-bit elements ; 0                                           ;
; Total GXB Receiver Channel PCS     ; 0                                           ;
; Total GXB Receiver Channel PMA     ; 0                                           ;
; Total GXB Transmitter Channel PCS  ; 0                                           ;
; Total GXB Transmitter Channel PMA  ; 0                                           ;
; Total PLLs                         ; 0                                           ;
+------------------------------------+---------------------------------------------+


+------------------------------------------------------------------------------------------------------------+
; Analysis & Synthesis Settings                                                                              ;
+------------------------------------------------------------------+--------------------+--------------------+
; Option                                                           ; Setting            ; Default Value      ;
+------------------------------------------------------------------+--------------------+--------------------+
; Top-level entity name                                            ; HammingDecoder     ; Hamming_Decoder    ;
; Family name                                                      ; Cyclone IV GX      ; Cyclone V          ;
; Use smart compilation                                            ; Off                ; Off                ;
; Enable parallel Assembler and Timing Analyzer during compilation ; On                 ; On                 ;
; Enable compact report table                                      ; Off                ; Off                ;
; Restructure Multiplexers                                         ; Auto               ; Auto               ;
; Create Debugging Nodes for IP Cores                              ; Off                ; Off                ;
; Preserve fewer node names                                        ; On                 ; On                 ;
; Intel FPGA IP Evaluation Mode                                    ; Enable             ; Enable             ;
; Verilog Version                                                  ; Verilog_2001       ; Verilog_2001       ;
; VHDL Version                                                     ; VHDL_1993          ; VHDL_1993          ;
; State Machine Processing                                         ; Auto               ; Auto               ;
; Safe State Machine                                               ; Off                ; Off                ;
; Extract Verilog State Machines                                   ; On                 ; On                 ;
; Extract VHDL State Machines                                      ; On                 ; On                 ;
; Ignore Verilog initial constructs                                ; Off                ; Off                ;
; Iteration limit for constant Verilog loops                       ; 5000               ; 5000               ;
; Iteration limit for non-constant Verilog loops                   ; 250                ; 250                ;
; Add Pass-Through Logic to Inferred RAMs                          ; On                 ; On                 ;
; Infer RAMs from Raw Logic                                        ; On                 ; On                 ;
; Parallel Synthesis                                               ; On                 ; On                 ;
; DSP Block Balancing                                              ; Auto               ; Auto               ;
; NOT Gate Push-Back                                               ; On                 ; On                 ;
; Power-Up Don't Care                                              ; On                 ; On                 ;
; Remove Redundant Logic Cells                                     ; Off                ; Off                ;
; Remove Duplicate Registers                                       ; On                 ; On                 ;
; Ignore CARRY Buffers                                             ; Off                ; Off                ;
; Ignore CASCADE Buffers                                           ; Off                ; Off                ;
; Ignore GLOBAL Buffers                                            ; Off                ; Off                ;
; Ignore ROW GLOBAL Buffers                                        ; Off                ; Off                ;
; Ignore LCELL Buffers                                             ; Off                ; Off                ;
; Ignore SOFT Buffers                                              ; On                 ; On                 ;
; Limit AHDL Integers to 32 Bits                                   ; Off                ; Off                ;
; Optimization Technique                                           ; Balanced           ; Balanced           ;
; Carry Chain Length                                               ; 70                 ; 70                 ;
; Auto Carry Chains                                                ; On                 ; On                 ;
; Auto Open-Drain Pins                                             ; On                 ; On                 ;
; Perform WYSIWYG Primitive Resynthesis                            ; Off                ; Off                ;
; Auto ROM Replacement                                             ; On                 ; On                 ;
; Auto RAM Replacement                                             ; On                 ; On                 ;
; Auto DSP Block Replacement                                       ; On                 ; On                 ;
; Auto Shift Register Replacement                                  ; Auto               ; Auto               ;
; Allow Shift Register Merging across Hierarchies                  ; Auto               ; Auto               ;
; Auto Clock Enable Replacement                                    ; On                 ; On                 ;
; Strict RAM Replacement                                           ; Off                ; Off                ;
; Allow Synchronous Control Signals                                ; On                 ; On                 ;
; Force Use of Synchronous Clear Signals                           ; Off                ; Off                ;
; Auto RAM Block Balancing                                         ; On                 ; On                 ;
; Auto RAM to Logic Cell Conversion                                ; Off                ; Off                ;
; Auto Resource Sharing                                            ; Off                ; Off                ;
; Allow Any RAM Size For Recognition                               ; Off                ; Off                ;
; Allow Any ROM Size For Recognition                               ; Off                ; Off                ;
; Allow Any Shift Register Size For Recognition                    ; Off                ; Off                ;
; Use LogicLock Constraints during Resource Balancing              ; On                 ; On                 ;
; Ignore translate_off and synthesis_off directives                ; Off                ; Off                ;
; Timing-Driven Synthesis                                          ; On                 ; On                 ;
; Report Parameter Settings                                        ; On                 ; On                 ;
; Report Source Assignments                                        ; On                 ; On                 ;
; Report Connectivity Checks                                       ; On                 ; On                 ;
; Ignore Maximum Fan-Out Assignments                               ; Off                ; Off                ;
; Synchronization Register Chain Length                            ; 2                  ; 2                  ;
; Power Optimization During Synthesis                              ; Normal compilation ; Normal compilation ;
; HDL message level                                                ; Level2             ; Level2             ;
; Suppress Register Optimization Related Messages                  ; Off                ; Off                ;
; Number of Removed Registers Reported in Synthesis Report         ; 5000               ; 5000               ;
; Number of Swept Nodes Reported in Synthesis Report               ; 5000               ; 5000               ;
; Number of Inverted Registers Reported in Synthesis Report        ; 100                ; 100                ;
; Clock MUX Protection                                             ; On                 ; On                 ;
; Auto Gated Clock Conversion                                      ; Off                ; Off                ;
; Block Design Naming                                              ; Auto               ; Auto               ;
; SDC constraint protection                                        ; Off                ; Off                ;
; Synthesis Effort                                                 ; Auto               ; Auto               ;
; Shift Register Replacement - Allow Asynchronous Clear Signal     ; On                 ; On                 ;
; Pre-Mapping Resynthesis Optimization                             ; Off                ; Off                ;
; Analysis & Synthesis Message Level                               ; Medium             ; Medium             ;
; Disable Register Merging Across Hierarchies                      ; Auto               ; Auto               ;
; Resource Aware Inference For Block RAM                           ; On                 ; On                 ;
+------------------------------------------------------------------+--------------------+--------------------+


+------------------------------------------+
; Parallel Compilation                     ;
+----------------------------+-------------+
; Processors                 ; Number      ;
+----------------------------+-------------+
; Number detected on machine ; 8           ;
; Maximum allowed            ; 4           ;
;                            ;             ;
; Average used               ; 1.00        ;
; Maximum used               ; 1           ;
;                            ;             ;
; Usage by Processor         ; % Time Used ;
;     Processor 1            ; 100.0%      ;
+----------------------------+-------------+


+-------------------------------------------------------------------------------------------------------------------------------------------------------------+
; Analysis & Synthesis Source Files Read                                                                                                                      ;
+----------------------------------+-----------------+-----------------+----------------------------------------------------------------------------+---------+
; File Name with User-Entered Path ; Used in Netlist ; File Type       ; File Name with Absolute Path                                               ; Library ;
+----------------------------------+-----------------+-----------------+----------------------------------------------------------------------------+---------+
; HammingDecoder.vhd               ; yes             ; User VHDL File  ; C:/Users/Gisela Pinto/Documents/ACA/HammingCode/Decoder/HammingDecoder.vhd ;         ;
; Adder.vhd                        ; yes             ; User VHDL File  ; C:/Users/Gisela Pinto/Documents/ACA/HammingCode/Decoder/Adder.vhd          ;         ;
+----------------------------------+-----------------+-----------------+----------------------------------------------------------------------------+---------+


+---------------------------------------------+
; Analysis & Synthesis Resource Usage Summary ;
+--------------------------+------------------+
; Resource                 ; Usage            ;
+--------------------------+------------------+
; I/O pins                 ; 27               ;
;                          ;                  ;
; DSP block 9-bit elements ; 0                ;
;                          ;                  ;
; Maximum fan-out node     ; y[0]             ;
; Maximum fan-out          ; 1                ;
; Total fan-out            ; 27               ;
; Average fan-out          ; 0.50             ;
+--------------------------+------------------+


+-------------------------------------------------------------------------------------------------------------------------------------------------------------------------------------------------------------------------+
; Analysis & Synthesis Resource Utilization by Entity                                                                                                                                                                     ;
+----------------------------+---------------------+---------------------------+-------------+--------------+---------+-----------+-----------+------+--------------+---------------------+----------------+--------------+
; Compilation Hierarchy Node ; Combinational ALUTs ; Dedicated Logic Registers ; Memory Bits ; DSP Elements ; DSP 9x9 ; DSP 18x18 ; DSP 36x36 ; Pins ; Virtual Pins ; Full Hierarchy Name ; Entity Name    ; Library Name ;
+----------------------------+---------------------+---------------------------+-------------+--------------+---------+-----------+-----------+------+--------------+---------------------+----------------+--------------+
; |HammingDecoder            ; 0 (0)               ; 0 (0)                     ; 0           ; 0            ; 0       ; 0         ; 0         ; 27   ; 0            ; |HammingDecoder     ; HammingDecoder ; work         ;
+----------------------------+---------------------+---------------------------+-------------+--------------+---------+-----------+-----------+------+--------------+---------------------+----------------+--------------+
Note: For table entries with two numbers listed, the numbers in parentheses indicate the number of resources of the given type used by the specific entity alone. The numbers listed outside of parentheses indicate the total resources of the given type used by the specific entity and all of its sub-entities in the hierarchy.


+------------------------------------------------------+
; General Register Statistics                          ;
+----------------------------------------------+-------+
; Statistic                                    ; Value ;
+----------------------------------------------+-------+
; Total registers                              ; 0     ;
; Number of registers using Synchronous Clear  ; 0     ;
; Number of registers using Synchronous Load   ; 0     ;
; Number of registers using Asynchronous Clear ; 0     ;
; Number of registers using Asynchronous Load  ; 0     ;
; Number of registers using Clock Enable       ; 0     ;
; Number of registers using Preset             ; 0     ;
+----------------------------------------------+-------+


+----------------------------------------------------------------------------------------------------------------+
; Port Connectivity Checks: "flipFlopDSimul:flipFlopD4"                                                          ;
+------+--------+----------+-------------------------------------------------------------------------------------+
; Port ; Type   ; Severity ; Details                                                                             ;
+------+--------+----------+-------------------------------------------------------------------------------------+
; nset ; Input  ; Info     ; Stuck at VCC                                                                        ;
; nrst ; Input  ; Info     ; Stuck at VCC                                                                        ;
; q    ; Output ; Info     ; Connected to dangling logic. Logic that only feeds a dangling port will be removed. ;
; nq   ; Output ; Info     ; Connected to dangling logic. Logic that only feeds a dangling port will be removed. ;
+------+--------+----------+-------------------------------------------------------------------------------------+


+----------------------------------------------------------------------------------------------------------------+
; Port Connectivity Checks: "flipFlopDSimul:flipFlopD3"                                                          ;
+------+--------+----------+-------------------------------------------------------------------------------------+
; Port ; Type   ; Severity ; Details                                                                             ;
+------+--------+----------+-------------------------------------------------------------------------------------+
; nset ; Input  ; Info     ; Stuck at VCC                                                                        ;
; nrst ; Input  ; Info     ; Stuck at VCC                                                                        ;
; q    ; Output ; Info     ; Connected to dangling logic. Logic that only feeds a dangling port will be removed. ;
; nq   ; Output ; Info     ; Connected to dangling logic. Logic that only feeds a dangling port will be removed. ;
+------+--------+----------+-------------------------------------------------------------------------------------+


+----------------------------------------------------------------------------------------------------------------+
; Port Connectivity Checks: "flipFlopDSimul:flipFlopD2"                                                          ;
+------+--------+----------+-------------------------------------------------------------------------------------+
; Port ; Type   ; Severity ; Details                                                                             ;
+------+--------+----------+-------------------------------------------------------------------------------------+
; nset ; Input  ; Info     ; Stuck at VCC                                                                        ;
; nrst ; Input  ; Info     ; Stuck at VCC                                                                        ;
; q    ; Output ; Info     ; Connected to dangling logic. Logic that only feeds a dangling port will be removed. ;
; nq   ; Output ; Info     ; Connected to dangling logic. Logic that only feeds a dangling port will be removed. ;
+------+--------+----------+-------------------------------------------------------------------------------------+


+----------------------------------------------------------------------------------------------------------------+
; Port Connectivity Checks: "flipFlopDSimul:flipFlopD1"                                                          ;
+------+--------+----------+-------------------------------------------------------------------------------------+
; Port ; Type   ; Severity ; Details                                                                             ;
+------+--------+----------+-------------------------------------------------------------------------------------+
; nset ; Input  ; Info     ; Stuck at VCC                                                                        ;
; nrst ; Input  ; Info     ; Stuck at VCC                                                                        ;
; q    ; Output ; Info     ; Connected to dangling logic. Logic that only feeds a dangling port will be removed. ;
; nq   ; Output ; Info     ; Connected to dangling logic. Logic that only feeds a dangling port will be removed. ;
+------+--------+----------+-------------------------------------------------------------------------------------+


+-----------------------------------------------------+
; Post-Synthesis Netlist Statistics for Top Partition ;
+-----------------------+-----------------------------+
; Type                  ; Count                       ;
+-----------------------+-----------------------------+
; boundary_port         ; 27                          ;
; cycloneiii_lcell_comb ; 1                           ;
;     normal            ; 1                           ;
;         0 data inputs ; 1                           ;
;                       ;                             ;
; Max LUT depth         ; 0.00                        ;
; Average LUT depth     ; 0.00                        ;
+-----------------------+-----------------------------+


+-------------------------------+
; Elapsed Time Per Partition    ;
+----------------+--------------+
; Partition Name ; Elapsed Time ;
+----------------+--------------+
; Top            ; 00:00:00     ;
+----------------+--------------+


+-------------------------------+
; Analysis & Synthesis Messages ;
+-------------------------------+
Info: *******************************************************************
Info: Running Quartus Prime Analysis & Synthesis
    Info: Version 18.1.0 Build 625 09/12/2018 SJ Lite Edition
    Info: Processing started: Thu Nov 22 18:48:21 2018
Info: Command: quartus_map --read_settings_files=on --write_settings_files=off Hamming_Decoder -c Hamming_Decoder
Warning (18236): Number of processors has not been specified which may cause overloading on shared machines.  Set the global assignment NUM_PARALLEL_PROCESSORS in your QSF to an appropriate value for best performance.
Info (20030): Parallel compilation is enabled and will use 4 of the 4 processors detected
Info (12021): Found 2 design units, including 1 entities, in source file hammingdecoder.vhd
    Info (12022): Found design unit 1: HammingDecoder-Structural File: C:/Users/Gisela Pinto/Documents/ACA/HammingCode/Decoder/HammingDecoder.vhd Line: 19
    Info (12023): Found entity 1: HammingDecoder File: C:/Users/Gisela Pinto/Documents/ACA/HammingCode/Decoder/HammingDecoder.vhd Line: 12
Info (12021): Found 6 design units, including 3 entities, in source file rom.vhd
    Info (12022): Found design unit 1: Controlo-Structural File: C:/Users/Gisela Pinto/Documents/ACA/HammingCode/Decoder/ROM.vhd Line: 11
    Info (12022): Found design unit 2: ROM-Behavior File: C:/Users/Gisela Pinto/Documents/ACA/HammingCode/Decoder/ROM.vhd Line: 48
    Info (12022): Found design unit 3: FullAdder4bit-Structure File: C:/Users/Gisela Pinto/Documents/ACA/HammingCode/Decoder/ROM.vhd Line: 73
    Info (12023): Found entity 1: Controlo File: C:/Users/Gisela Pinto/Documents/ACA/HammingCode/Decoder/ROM.vhd Line: 5
    Info (12023): Found entity 2: ROM File: C:/Users/Gisela Pinto/Documents/ACA/HammingCode/Decoder/ROM.vhd Line: 42
    Info (12023): Found entity 3: FullAdder4bit File: C:/Users/Gisela Pinto/Documents/ACA/HammingCode/Decoder/ROM.vhd Line: 65
Info (12021): Found 10 design units, including 5 entities, in source file adder.vhd
    Info (12022): Found design unit 1: FullAdder-Behavioral File: C:/Users/Gisela Pinto/Documents/ACA/HammingCode/Decoder/Adder.vhd Line: 13
    Info (12022): Found design unit 2: Adder-Behavior File: C:/Users/Gisela Pinto/Documents/ACA/HammingCode/Decoder/Adder.vhd Line: 35
    Info (12022): Found design unit 3: xor_operator-Behavior File: C:/Users/Gisela Pinto/Documents/ACA/HammingCode/Decoder/Adder.vhd Line: 52
    Info (12022): Found design unit 4: mux2_1-Behavior File: C:/Users/Gisela Pinto/Documents/ACA/HammingCode/Decoder/Adder.vhd Line: 70
    Info (12022): Found design unit 5: flipFlopDSimul-behavior File: C:/Users/Gisela Pinto/Documents/ACA/HammingCode/Decoder/Adder.vhd Line: 88
    Info (12023): Found entity 1: FullAdder File: C:/Users/Gisela Pinto/Documents/ACA/HammingCode/Decoder/Adder.vhd Line: 7
    Info (12023): Found entity 2: Adder File: C:/Users/Gisela Pinto/Documents/ACA/HammingCode/Decoder/Adder.vhd Line: 30
    Info (12023): Found entity 3: xor_operator File: C:/Users/Gisela Pinto/Documents/ACA/HammingCode/Decoder/Adder.vhd Line: 47
    Info (12023): Found entity 4: mux2_1 File: C:/Users/Gisela Pinto/Documents/ACA/HammingCode/Decoder/Adder.vhd Line: 63
    Info (12023): Found entity 5: flipFlopDSimul File: C:/Users/Gisela Pinto/Documents/ACA/HammingCode/Decoder/Adder.vhd Line: 82
Info (12127): Elaborating entity "HammingDecoder" for the top level hierarchy
Warning (10541): VHDL Signal Declaration warning at HammingDecoder.vhd(15): used implicit default value for signal "m_linha" because signal was never assigned a value or an explicit default value. Use of implicit default value may introduce unintended design optimizations. File: C:/Users/Gisela Pinto/Documents/ACA/HammingCode/Decoder/HammingDecoder.vhd Line: 15
Warning (10541): VHDL Signal Declaration warning at HammingDecoder.vhd(51): used implicit default value for signal "xor_out1" because signal was never assigned a value or an explicit default value. Use of implicit default value may introduce unintended design optimizations. File: C:/Users/Gisela Pinto/Documents/ACA/HammingCode/Decoder/HammingDecoder.vhd Line: 51
Warning (10541): VHDL Signal Declaration warning at HammingDecoder.vhd(51): used implicit default value for signal "xor_out2" because signal was never assigned a value or an explicit default value. Use of implicit default value may introduce unintended design optimizations. File: C:/Users/Gisela Pinto/Documents/ACA/HammingCode/Decoder/HammingDecoder.vhd Line: 51
Warning (10541): VHDL Signal Declaration warning at HammingDecoder.vhd(51): used implicit default value for signal "xor_out3" because signal was never assigned a value or an explicit default value. Use of implicit default value may introduce unintended design optimizations. File: C:/Users/Gisela Pinto/Documents/ACA/HammingCode/Decoder/HammingDecoder.vhd Line: 51
Warning (10541): VHDL Signal Declaration warning at HammingDecoder.vhd(51): used implicit default value for signal "xor_out4" because signal was never assigned a value or an explicit default value. Use of implicit default value may introduce unintended design optimizations. File: C:/Users/Gisela Pinto/Documents/ACA/HammingCode/Decoder/HammingDecoder.vhd Line: 51
Warning (10036): Verilog HDL or VHDL warning at HammingDecoder.vhd(52): object "ff_out1" assigned a value but never read File: C:/Users/Gisela Pinto/Documents/ACA/HammingCode/Decoder/HammingDecoder.vhd Line: 52
Warning (10036): Verilog HDL or VHDL warning at HammingDecoder.vhd(52): object "ff_out2" assigned a value but never read File: C:/Users/Gisela Pinto/Documents/ACA/HammingCode/Decoder/HammingDecoder.vhd Line: 52
Warning (10036): Verilog HDL or VHDL warning at HammingDecoder.vhd(52): object "ff_out3" assigned a value but never read File: C:/Users/Gisela Pinto/Documents/ACA/HammingCode/Decoder/HammingDecoder.vhd Line: 52
Warning (10036): Verilog HDL or VHDL warning at HammingDecoder.vhd(52): object "ff_out4" assigned a value but never read File: C:/Users/Gisela Pinto/Documents/ACA/HammingCode/Decoder/HammingDecoder.vhd Line: 52
Info (12128): Elaborating entity "flipFlopDSimul" for hierarchy "flipFlopDSimul:flipFlopD1" File: C:/Users/Gisela Pinto/Documents/ACA/HammingCode/Decoder/HammingDecoder.vhd Line: 64
Warning (13024): Output pins are stuck at VCC or GND
    Warning (13410): Pin "m_linha[0]" is stuck at GND File: C:/Users/Gisela Pinto/Documents/ACA/HammingCode/Decoder/HammingDecoder.vhd Line: 15
    Warning (13410): Pin "m_linha[1]" is stuck at GND File: C:/Users/Gisela Pinto/Documents/ACA/HammingCode/Decoder/HammingDecoder.vhd Line: 15
    Warning (13410): Pin "m_linha[2]" is stuck at GND File: C:/Users/Gisela Pinto/Documents/ACA/HammingCode/Decoder/HammingDecoder.vhd Line: 15
    Warning (13410): Pin "m_linha[3]" is stuck at GND File: C:/Users/Gisela Pinto/Documents/ACA/HammingCode/Decoder/HammingDecoder.vhd Line: 15
    Warning (13410): Pin "m_linha[4]" is stuck at GND File: C:/Users/Gisela Pinto/Documents/ACA/HammingCode/Decoder/HammingDecoder.vhd Line: 15
    Warning (13410): Pin "m_linha[5]" is stuck at GND File: C:/Users/Gisela Pinto/Documents/ACA/HammingCode/Decoder/HammingDecoder.vhd Line: 15
    Warning (13410): Pin "m_linha[6]" is stuck at GND File: C:/Users/Gisela Pinto/Documents/ACA/HammingCode/Decoder/HammingDecoder.vhd Line: 15
    Warning (13410): Pin "m_linha[7]" is stuck at GND File: C:/Users/Gisela Pinto/Documents/ACA/HammingCode/Decoder/HammingDecoder.vhd Line: 15
    Warning (13410): Pin "m_linha[8]" is stuck at GND File: C:/Users/Gisela Pinto/Documents/ACA/HammingCode/Decoder/HammingDecoder.vhd Line: 15
    Warning (13410): Pin "m_linha[9]" is stuck at GND File: C:/Users/Gisela Pinto/Documents/ACA/HammingCode/Decoder/HammingDecoder.vhd Line: 15
    Warning (13410): Pin "m_linha[10]" is stuck at GND File: C:/Users/Gisela Pinto/Documents/ACA/HammingCode/Decoder/HammingDecoder.vhd Line: 15
Info (16010): Generating hard_block partition "hard_block:auto_generated_inst"
    Info (16011): Adding 0 node(s), including 0 DDIO, 0 PLL, 0 transceiver and 0 LCELL
Warning (21074): Design contains 16 input pin(s) that do not drive logic
    Warning (15610): No output dependent on input pin "y[0]" File: C:/Users/Gisela Pinto/Documents/ACA/HammingCode/Decoder/HammingDecoder.vhd Line: 13
    Warning (15610): No output dependent on input pin "y[1]" File: C:/Users/Gisela Pinto/Documents/ACA/HammingCode/Decoder/HammingDecoder.vhd Line: 13
    Warning (15610): No output dependent on input pin "y[2]" File: C:/Users/Gisela Pinto/Documents/ACA/HammingCode/Decoder/HammingDecoder.vhd Line: 13
    Warning (15610): No output dependent on input pin "y[3]" File: C:/Users/Gisela Pinto/Documents/ACA/HammingCode/Decoder/HammingDecoder.vhd Line: 13
    Warning (15610): No output dependent on input pin "y[4]" File: C:/Users/Gisela Pinto/Documents/ACA/HammingCode/Decoder/HammingDecoder.vhd Line: 13
    Warning (15610): No output dependent on input pin "y[5]" File: C:/Users/Gisela Pinto/Documents/ACA/HammingCode/Decoder/HammingDecoder.vhd Line: 13
    Warning (15610): No output dependent on input pin "y[6]" File: C:/Users/Gisela Pinto/Documents/ACA/HammingCode/Decoder/HammingDecoder.vhd Line: 13
    Warning (15610): No output dependent on input pin "y[7]" File: C:/Users/Gisela Pinto/Documents/ACA/HammingCode/Decoder/HammingDecoder.vhd Line: 13
    Warning (15610): No output dependent on input pin "y[8]" File: C:/Users/Gisela Pinto/Documents/ACA/HammingCode/Decoder/HammingDecoder.vhd Line: 13
    Warning (15610): No output dependent on input pin "y[9]" File: C:/Users/Gisela Pinto/Documents/ACA/HammingCode/Decoder/HammingDecoder.vhd Line: 13
    Warning (15610): No output dependent on input pin "y[10]" File: C:/Users/Gisela Pinto/Documents/ACA/HammingCode/Decoder/HammingDecoder.vhd Line: 13
    Warning (15610): No output dependent on input pin "y[11]" File: C:/Users/Gisela Pinto/Documents/ACA/HammingCode/Decoder/HammingDecoder.vhd Line: 13
    Warning (15610): No output dependent on input pin "y[12]" File: C:/Users/Gisela Pinto/Documents/ACA/HammingCode/Decoder/HammingDecoder.vhd Line: 13
    Warning (15610): No output dependent on input pin "y[13]" File: C:/Users/Gisela Pinto/Documents/ACA/HammingCode/Decoder/HammingDecoder.vhd Line: 13
    Warning (15610): No output dependent on input pin "y[14]" File: C:/Users/Gisela Pinto/Documents/ACA/HammingCode/Decoder/HammingDecoder.vhd Line: 13
    Warning (15610): No output dependent on input pin "clk" File: C:/Users/Gisela Pinto/Documents/ACA/HammingCode/Decoder/HammingDecoder.vhd Line: 14
Info (21057): Implemented 27 device resources after synthesis - the final resource count might be different
    Info (21058): Implemented 16 input pins
    Info (21059): Implemented 11 output pins
Info: Quartus Prime Analysis & Synthesis was successful. 0 errors, 39 warnings
    Info: Peak virtual memory: 751 megabytes
    Info: Processing ended: Thu Nov 22 18:48:34 2018
    Info: Elapsed time: 00:00:13
    Info: Total CPU time (on all processors): 00:00:25


